running egg_info
creating ../../build/simple_node/simple_node.egg-info
writing ../../build/simple_node/simple_node.egg-info/PKG-INFO
writing dependency_links to ../../build/simple_node/simple_node.egg-info/dependency_links.txt
writing entry points to ../../build/simple_node/simple_node.egg-info/entry_points.txt
writing requirements to ../../build/simple_node/simple_node.egg-info/requires.txt
writing top-level names to ../../build/simple_node/simple_node.egg-info/top_level.txt
writing manifest file '../../build/simple_node/simple_node.egg-info/SOURCES.txt'
reading manifest file '../../build/simple_node/simple_node.egg-info/SOURCES.txt'
writing manifest file '../../build/simple_node/simple_node.egg-info/SOURCES.txt'
running build
running build_py
creating /home/lopatoj/Projects/raspi4/ros2_ws/build/simple_node/build
creating /home/lopatoj/Projects/raspi4/ros2_ws/build/simple_node/build/lib
creating /home/lopatoj/Projects/raspi4/ros2_ws/build/simple_node/build/lib/simple_node
copying simple_node/__init__.py -> /home/lopatoj/Projects/raspi4/ros2_ws/build/simple_node/build/lib/simple_node
copying simple_node/simple_node.py -> /home/lopatoj/Projects/raspi4/ros2_ws/build/simple_node/build/lib/simple_node
running install
running install_lib
creating /home/lopatoj/Projects/raspi4/ros2_ws/install/simple_node/lib/python3.10/site-packages/simple_node
copying /home/lopatoj/Projects/raspi4/ros2_ws/build/simple_node/build/lib/simple_node/__init__.py -> /home/lopatoj/Projects/raspi4/ros2_ws/install/simple_node/lib/python3.10/site-packages/simple_node
copying /home/lopatoj/Projects/raspi4/ros2_ws/build/simple_node/build/lib/simple_node/simple_node.py -> /home/lopatoj/Projects/raspi4/ros2_ws/install/simple_node/lib/python3.10/site-packages/simple_node
byte-compiling /home/lopatoj/Projects/raspi4/ros2_ws/install/simple_node/lib/python3.10/site-packages/simple_node/__init__.py to __init__.cpython-310.pyc
byte-compiling /home/lopatoj/Projects/raspi4/ros2_ws/install/simple_node/lib/python3.10/site-packages/simple_node/simple_node.py to simple_node.cpython-310.pyc
running install_data
creating /home/lopatoj/Projects/raspi4/ros2_ws/install/simple_node/share/ament_index
creating /home/lopatoj/Projects/raspi4/ros2_ws/install/simple_node/share/ament_index/resource_index
creating /home/lopatoj/Projects/raspi4/ros2_ws/install/simple_node/share/ament_index/resource_index/packages
copying resource/simple_node -> /home/lopatoj/Projects/raspi4/ros2_ws/install/simple_node/share/ament_index/resource_index/packages
copying package.xml -> /home/lopatoj/Projects/raspi4/ros2_ws/install/simple_node/share/simple_node
running install_egg_info
Copying ../../build/simple_node/simple_node.egg-info to /home/lopatoj/Projects/raspi4/ros2_ws/install/simple_node/lib/python3.10/site-packages/simple_node-0.0.0-py3.10.egg-info
running install_scripts
Installing simple_node script to /home/lopatoj/Projects/raspi4/ros2_ws/install/simple_node/lib/simple_node
writing list of installed files to '/home/lopatoj/Projects/raspi4/ros2_ws/build/simple_node/install.log'
